mobile/android/app/build/intermediates/manifest_merge_blame_file/debug/manifest-merger-blame-debug-report.txt
1<?xml version="1.0" encoding="utf-8"?>
2<manifest xmlns:android="http://schemas.android.com/apk/res/android"
3    package="com.example.client"
4    android:versionCode="1"
5    android:versionName="1.0.0" >
6
7    <uses-sdk
8        android:minSdkVersion="21"
9        android:targetSdkVersion="33" />
10    <!--
11         The INTERNET permission is required for development. Specifically,
12         the Flutter tool needs it to communicate with the running application
13         to allow setting breakpoints, to provide hot reload, etc.
14    -->
15    <uses-permission android:name="android.permission.INTERNET" />
15-->src\main\AndroidManifest.xml:2:1-63
15-->src\main\AndroidManifest.xml:2:18-60
16    <uses-permission android:name="android.permission.ACCESS_FINE_LOCATION" />
16-->src\main\AndroidManifest.xml:3:1-75
16-->src\main\AndroidManifest.xml:3:18-72
17    <uses-permission android:name="android.permission.ACCESS_COARSE_LOCATION" />
17-->src\main\AndroidManifest.xml:4:1-77
17-->src\main\AndroidManifest.xml:4:18-74
18    <uses-permission android:name="android.permission.ACCESS_BACKGROUND_LOCATION" />
18-->src\main\AndroidManifest.xml:5:2-82
18-->src\main\AndroidManifest.xml:5:19-79
19    <uses-permission android:name="android.permission.WAKE_LOCK" />
19-->[:firebase_messaging] AndroidManifest.xml:10:5-68
19-->[:firebase_messaging] AndroidManifest.xml:10:22-65
20    <uses-permission android:name="android.permission.ACCESS_NETWORK_STATE" /> <!-- Permissions options for the `notification` group -->
20-->[:firebase_messaging] AndroidManifest.xml:11:5-79
20-->[:firebase_messaging] AndroidManifest.xml:11:22-76
21    <uses-permission android:name="android.permission.POST_NOTIFICATIONS" />
21-->[:firebase_messaging] AndroidManifest.xml:13:5-77
21-->[:firebase_messaging] AndroidManifest.xml:13:22-74
22    <uses-permission android:name="android.permission.VIBRATE" />
22-->[:flutter_local_notifications] AndroidManifest.xml:9:5-66
22-->[:flutter_local_notifications] AndroidManifest.xml:9:22-63
23    <uses-permission android:name="android.permission.CAMERA" />
23-->[:scan] AndroidManifest.xml:11:5-65
23-->[:scan] AndroidManifest.xml:11:22-62
24    <uses-permission android:name="android.permission.RECORD_AUDIO" />
24-->[:image_pickers] AndroidManifest.xml:10:5-71
24-->[:image_pickers] AndroidManifest.xml:10:22-68
25    <uses-permission
25-->[:image_pickers] AndroidManifest.xml:11:5-13:38
26        android:name="android.permission.READ_EXTERNAL_STORAGE"
26-->[:image_pickers] AndroidManifest.xml:12:9-64
27        android:maxSdkVersion="32" />
27-->[:image_pickers] AndroidManifest.xml:13:9-35
28    <uses-permission
28-->[:image_pickers] AndroidManifest.xml:14:5-16:38
29        android:name="android.permission.WRITE_EXTERNAL_STORAGE"
29-->[:image_pickers] AndroidManifest.xml:15:9-65
30        android:maxSdkVersion="32" />
30-->[:image_pickers] AndroidManifest.xml:16:9-35
31    <uses-permission android:name="android.permission.READ_MEDIA_IMAGES" />
31-->[:image_pickers] AndroidManifest.xml:18:5-76
31-->[:image_pickers] AndroidManifest.xml:18:22-73
32    <uses-permission android:name="android.permission.READ_MEDIA_VIDEO" />
32-->[:image_pickers] AndroidManifest.xml:19:5-75
32-->[:image_pickers] AndroidManifest.xml:19:22-72
33    <uses-permission android:name="android.permission.FOREGROUND_SERVICE" />
33-->[:image_pickers] AndroidManifest.xml:20:5-77
33-->[:image_pickers] AndroidManifest.xml:20:22-74
34
35    <queries package="com.example.client" >
35-->[:image_pickers] AndroidManifest.xml:22:5-31:15
35-->[:image_pickers] AndroidManifest.xml:22:14-40
36        <intent>
36-->[:image_pickers] AndroidManifest.xml:23:9-26:18
37            <action android:name="android.media.action.IMAGE_CAPTURE" >
37-->[:image_pickers] AndroidManifest.xml:24:13-25:22
37-->[:image_pickers] AndroidManifest.xml:24:21-70
38            </action>
39        </intent>
40        <intent>
40-->[:image_pickers] AndroidManifest.xml:27:9-30:18
41            <action android:name="android.media.action.ACTION_VIDEO_CAPTURE" >
41-->[:image_pickers] AndroidManifest.xml:28:13-29:22
41-->[:image_pickers] AndroidManifest.xml:28:21-77
42            </action>
43        </intent>
44        <!-- Needs to be explicitly declared on Android R+ -->
45        <package android:name="com.google.android.apps.maps" />
45-->[com.google.android.gms:play-services-maps:18.2.0] AndroidManifest.xml:33:9-64
45-->[com.google.android.gms:play-services-maps:18.2.0] AndroidManifest.xml:33:18-61
46    </queries> <!-- Required by older versions of Google Play services to create IID tokens -->
47    <uses-permission android:name="com.google.android.c2dm.permission.RECEIVE" />
47-->[com.google.firebase:firebase-messaging:23.3.1] AndroidManifest.xml:26:5-82
47-->[com.google.firebase:firebase-messaging:23.3.1] AndroidManifest.xml:26:22-79
48    <uses-permission android:name="com.google.android.gms.permission.AD_ID" />
48-->[com.google.android.gms:play-services-measurement-api:21.5.0] AndroidManifest.xml:25:5-79
48-->[com.google.android.gms:play-services-measurement-api:21.5.0] AndroidManifest.xml:25:22-76
49    <uses-permission android:name="android.permission.ACCESS_ADSERVICES_ATTRIBUTION" />
49-->[com.google.android.gms:play-services-measurement-api:21.5.0] AndroidManifest.xml:26:5-88
49-->[com.google.android.gms:play-services-measurement-api:21.5.0] AndroidManifest.xml:26:22-85
50    <uses-permission android:name="android.permission.ACCESS_ADSERVICES_AD_ID" />
50-->[com.google.android.gms:play-services-measurement-api:21.5.0] AndroidManifest.xml:27:5-82
50-->[com.google.android.gms:play-services-measurement-api:21.5.0] AndroidManifest.xml:27:22-79
51    <uses-permission android:name="com.google.android.finsky.permission.BIND_GET_INSTALL_REFERRER_SERVICE" />
51-->[com.google.android.gms:play-services-measurement:21.5.0] AndroidManifest.xml:26:5-110
51-->[com.google.android.gms:play-services-measurement:21.5.0] AndroidManifest.xml:26:22-107
52
53    <uses-feature
53-->[com.google.android.gms:play-services-maps:18.2.0] AndroidManifest.xml:26:5-28:35
54        android:glEsVersion="0x00020000"
54-->[com.google.android.gms:play-services-maps:18.2.0] AndroidManifest.xml:27:9-41
55        android:required="true" />
55-->[com.google.android.gms:play-services-maps:18.2.0] AndroidManifest.xml:28:9-32
56
57    <permission
57-->[androidx.core:core:1.10.1] AndroidManifest.xml:22:5-24:47
58        android:name="com.example.client.DYNAMIC_RECEIVER_NOT_EXPORTED_PERMISSION"
58-->[androidx.core:core:1.10.1] AndroidManifest.xml:23:9-81
59        android:protectionLevel="signature" />
59-->[androidx.core:core:1.10.1] AndroidManifest.xml:24:9-44
60
61    <uses-permission android:name="com.example.client.DYNAMIC_RECEIVER_NOT_EXPORTED_PERMISSION" /> <!-- Don't require camera, as this requires a rear camera. This allows it to work on the Nexus 7 -->
61-->[androidx.core:core:1.10.1] AndroidManifest.xml:26:5-97
61-->[androidx.core:core:1.10.1] AndroidManifest.xml:26:22-94
62    <uses-feature
62-->[com.journeyapps:zxing-android-embedded:4.3.0] AndroidManifest.xml:25:5-27:36
63        android:name="android.hardware.camera"
63-->[com.journeyapps:zxing-android-embedded:4.3.0] AndroidManifest.xml:26:9-47
64        android:required="false" />
64-->[com.journeyapps:zxing-android-embedded:4.3.0] AndroidManifest.xml:27:9-33
65    <uses-feature
65-->[com.journeyapps:zxing-android-embedded:4.3.0] AndroidManifest.xml:28:5-30:36
66        android:name="android.hardware.camera.front"
66-->[com.journeyapps:zxing-android-embedded:4.3.0] AndroidManifest.xml:29:9-53
67        android:required="false" /> <!-- TODO replace above two with next line after Android 4.2 -->
67-->[com.journeyapps:zxing-android-embedded:4.3.0] AndroidManifest.xml:30:9-33
68    <!-- <uses-feature android:name="android.hardware.camera.any"/> -->
69    <uses-feature
69-->[com.journeyapps:zxing-android-embedded:4.3.0] AndroidManifest.xml:33:5-35:36
70        android:name="android.hardware.camera.autofocus"
70-->[com.journeyapps:zxing-android-embedded:4.3.0] AndroidManifest.xml:34:9-57
71        android:required="false" />
71-->[com.journeyapps:zxing-android-embedded:4.3.0] AndroidManifest.xml:35:9-33
72    <uses-feature
72-->[com.journeyapps:zxing-android-embedded:4.3.0] AndroidManifest.xml:36:5-38:36
73        android:name="android.hardware.camera.flash"
73-->[com.journeyapps:zxing-android-embedded:4.3.0] AndroidManifest.xml:37:9-53
74        android:required="false" />
74-->[com.journeyapps:zxing-android-embedded:4.3.0] AndroidManifest.xml:38:9-33
75    <uses-feature
75-->[com.journeyapps:zxing-android-embedded:4.3.0] AndroidManifest.xml:39:5-41:36
76        android:name="android.hardware.screen.landscape"
76-->[com.journeyapps:zxing-android-embedded:4.3.0] AndroidManifest.xml:40:9-57
77        android:required="false" />
77-->[com.journeyapps:zxing-android-embedded:4.3.0] AndroidManifest.xml:41:9-33
78    <uses-feature
78-->[com.journeyapps:zxing-android-embedded:4.3.0] AndroidManifest.xml:42:5-44:36
79        android:name="android.hardware.wifi"
79-->[com.journeyapps:zxing-android-embedded:4.3.0] AndroidManifest.xml:43:9-45
80        android:required="false" />
80-->[com.journeyapps:zxing-android-embedded:4.3.0] AndroidManifest.xml:44:9-33
81
82    <application
83        android:name="android.app.Application"
84        android:appComponentFactory="androidx.core.app.CoreComponentFactory"
84-->[androidx.core:core:1.10.1] AndroidManifest.xml:28:18-86
85        android:debuggable="true"
86        android:icon="@mipmap/ic_launcher"
87        android:label="client"
88        android:networkSecurityConfig="@xml/net_sec"
88-->[:image_pickers] AndroidManifest.xml:34:9-53
89        android:requestLegacyExternalStorage="true" >
89-->[:image_pickers] AndroidManifest.xml:35:9-52
90        <meta-data
91            android:name="com.google.android.geo.API_KEY"
92            android:value="AIzaSyCHqSp4_YvEXCpwvOpKmp65ElyNd5W85O4" />
93
94        <activity
95            android:name="com.example.client.MainActivity"
96            android:configChanges="orientation|keyboardHidden|keyboard|screenSize|smallestScreenSize|locale|layoutDirection|fontScale|screenLayout|density|uiMode"
97            android:exported="true"
98            android:hardwareAccelerated="true"
99            android:launchMode="singleTop"
100            android:theme="@style/LaunchTheme"
101            android:windowSoftInputMode="adjustResize" >
102
103            <!--
104                 Specifies an Android theme to apply to this Activity as soon as
105                 the Android process has started. This theme is visible to the user
106                 while the Flutter UI initializes. After that, this theme continues
107                 to determine the Window background behind the Flutter UI.
108            -->
109            <meta-data
110                android:name="io.flutter.embedding.android.NormalTheme"
111                android:resource="@style/NormalTheme" />
112
113            <intent-filter>
114                <action android:name="android.intent.action.MAIN" />
115
116                <category android:name="android.intent.category.LAUNCHER" />
117            </intent-filter>
118        </activity>
119        <!--
120             Don't delete the meta-data below.
121             This is used by the Flutter tool to generate GeneratedPluginRegistrant.java
122        -->
123        <meta-data
124            android:name="flutterEmbedding"
125            android:value="2" />
126
127        <service
127-->[:cloud_firestore] AndroidManifest.xml:10:9-14:19
128            android:name="com.google.firebase.components.ComponentDiscoveryService"
128-->[:cloud_firestore] AndroidManifest.xml:10:18-89
129            android:directBootAware="true"
129-->[com.google.firebase:firebase-common:20.4.2] AndroidManifest.xml:32:13-43
130            android:exported="false" >
130-->[com.google.firebase:firebase-firestore:24.9.1] AndroidManifest.xml:16:13-37
131            <meta-data
131-->[:cloud_firestore] AndroidManifest.xml:11:13-13:85
132                android:name="com.google.firebase.components:io.flutter.plugins.firebase.firestore.FlutterFirebaseFirestoreRegistrar"
132-->[:cloud_firestore] AndroidManifest.xml:12:17-134
133                android:value="com.google.firebase.components.ComponentRegistrar" />
133-->[:cloud_firestore] AndroidManifest.xml:13:17-82
134            <meta-data
134-->[:firebase_storage] AndroidManifest.xml:11:13-13:85
135                android:name="com.google.firebase.components:io.flutter.plugins.firebase.storage.FlutterFirebaseAppRegistrar"
135-->[:firebase_storage] AndroidManifest.xml:12:17-126
136                android:value="com.google.firebase.components.ComponentRegistrar" />
136-->[:firebase_storage] AndroidManifest.xml:13:17-82
137            <meta-data
137-->[:firebase_messaging] AndroidManifest.xml:38:13-40:85
138                android:name="com.google.firebase.components:io.flutter.plugins.firebase.messaging.FlutterFirebaseAppRegistrar"
138-->[:firebase_messaging] AndroidManifest.xml:39:17-128
139                android:value="com.google.firebase.components.ComponentRegistrar" />
139-->[:firebase_messaging] AndroidManifest.xml:40:17-82
140            <meta-data
140-->[:firebase_core] AndroidManifest.xml:11:13-13:85
141                android:name="com.google.firebase.components:io.flutter.plugins.firebase.core.FlutterFirebaseCoreRegistrar"
141-->[:firebase_core] AndroidManifest.xml:12:17-124
142                android:value="com.google.firebase.components.ComponentRegistrar" />
142-->[:firebase_core] AndroidManifest.xml:13:17-82
143            <meta-data
143-->[com.google.firebase:firebase-firestore:24.9.1] AndroidManifest.xml:17:13-19:85
144                android:name="com.google.firebase.components:com.google.firebase.firestore.FirebaseFirestoreKtxRegistrar"
144-->[com.google.firebase:firebase-firestore:24.9.1] AndroidManifest.xml:18:17-122
145                android:value="com.google.firebase.components.ComponentRegistrar" />
145-->[com.google.firebase:firebase-firestore:24.9.1] AndroidManifest.xml:19:17-82
146            <meta-data
146-->[com.google.firebase:firebase-firestore:24.9.1] AndroidManifest.xml:20:13-22:85
147                android:name="com.google.firebase.components:com.google.firebase.firestore.FirestoreRegistrar"
147-->[com.google.firebase:firebase-firestore:24.9.1] AndroidManifest.xml:21:17-111
148                android:value="com.google.firebase.components.ComponentRegistrar" />
148-->[com.google.firebase:firebase-firestore:24.9.1] AndroidManifest.xml:22:17-82
149            <meta-data
149-->[com.google.firebase:firebase-storage:20.3.0] AndroidManifest.xml:30:13-32:85
150                android:name="com.google.firebase.components:com.google.firebase.storage.FirebaseStorageKtxRegistrar"
150-->[com.google.firebase:firebase-storage:20.3.0] AndroidManifest.xml:31:17-118
151                android:value="com.google.firebase.components.ComponentRegistrar" />
151-->[com.google.firebase:firebase-storage:20.3.0] AndroidManifest.xml:32:17-82
152            <meta-data
152-->[com.google.firebase:firebase-storage:20.3.0] AndroidManifest.xml:33:13-35:85
153                android:name="com.google.firebase.components:com.google.firebase.storage.StorageRegistrar"
153-->[com.google.firebase:firebase-storage:20.3.0] AndroidManifest.xml:34:17-107
154                android:value="com.google.firebase.components.ComponentRegistrar" />
154-->[com.google.firebase:firebase-storage:20.3.0] AndroidManifest.xml:35:17-82
155            <meta-data
155-->[com.google.firebase:firebase-messaging:23.3.1] AndroidManifest.xml:57:13-59:85
156                android:name="com.google.firebase.components:com.google.firebase.messaging.FirebaseMessagingKtxRegistrar"
156-->[com.google.firebase:firebase-messaging:23.3.1] AndroidManifest.xml:58:17-122
157                android:value="com.google.firebase.components.ComponentRegistrar" />
157-->[com.google.firebase:firebase-messaging:23.3.1] AndroidManifest.xml:59:17-82
158            <meta-data
158-->[com.google.firebase:firebase-messaging:23.3.1] AndroidManifest.xml:60:13-62:85
159                android:name="com.google.firebase.components:com.google.firebase.messaging.FirebaseMessagingRegistrar"
159-->[com.google.firebase:firebase-messaging:23.3.1] AndroidManifest.xml:61:17-119
160                android:value="com.google.firebase.components.ComponentRegistrar" />
160-->[com.google.firebase:firebase-messaging:23.3.1] AndroidManifest.xml:62:17-82
161            <meta-data
161-->[com.google.android.gms:play-services-measurement-api:21.5.0] AndroidManifest.xml:37:13-39:85
162                android:name="com.google.firebase.components:com.google.firebase.analytics.connector.internal.AnalyticsConnectorRegistrar"
162-->[com.google.android.gms:play-services-measurement-api:21.5.0] AndroidManifest.xml:38:17-139
163                android:value="com.google.firebase.components.ComponentRegistrar" />
163-->[com.google.android.gms:play-services-measurement-api:21.5.0] AndroidManifest.xml:39:17-82
164            <meta-data
164-->[com.google.firebase:firebase-appcheck:17.1.1] AndroidManifest.xml:25:13-27:85
165                android:name="com.google.firebase.components:com.google.firebase.appcheck.FirebaseAppCheckKtxRegistrar"
165-->[com.google.firebase:firebase-appcheck:17.1.1] AndroidManifest.xml:26:17-120
166                android:value="com.google.firebase.components.ComponentRegistrar" />
166-->[com.google.firebase:firebase-appcheck:17.1.1] AndroidManifest.xml:27:17-82
167            <meta-data
167-->[com.google.firebase:firebase-appcheck:17.1.1] AndroidManifest.xml:28:13-30:85
168                android:name="com.google.firebase.components:com.google.firebase.appcheck.FirebaseAppCheckRegistrar"
168-->[com.google.firebase:firebase-appcheck:17.1.1] AndroidManifest.xml:29:17-117
169                android:value="com.google.firebase.components.ComponentRegistrar" />
169-->[com.google.firebase:firebase-appcheck:17.1.1] AndroidManifest.xml:30:17-82
170            <meta-data
170-->[com.google.firebase:firebase-iid:21.1.0] AndroidManifest.xml:32:13-34:85
171                android:name="com.google.firebase.components:com.google.firebase.iid.Registrar"
171-->[com.google.firebase:firebase-iid:21.1.0] AndroidManifest.xml:33:17-96
172                android:value="com.google.firebase.components.ComponentRegistrar" />
172-->[com.google.firebase:firebase-iid:21.1.0] AndroidManifest.xml:34:17-82
173            <meta-data
173-->[com.google.firebase:firebase-installations:17.2.0] AndroidManifest.xml:15:13-17:85
174                android:name="com.google.firebase.components:com.google.firebase.installations.FirebaseInstallationsKtxRegistrar"
174-->[com.google.firebase:firebase-installations:17.2.0] AndroidManifest.xml:16:17-130
175                android:value="com.google.firebase.components.ComponentRegistrar" />
175-->[com.google.firebase:firebase-installations:17.2.0] AndroidManifest.xml:17:17-82
176            <meta-data
176-->[com.google.firebase:firebase-installations:17.2.0] AndroidManifest.xml:18:13-20:85
177                android:name="com.google.firebase.components:com.google.firebase.installations.FirebaseInstallationsRegistrar"
177-->[com.google.firebase:firebase-installations:17.2.0] AndroidManifest.xml:19:17-127
178                android:value="com.google.firebase.components.ComponentRegistrar" />
178-->[com.google.firebase:firebase-installations:17.2.0] AndroidManifest.xml:20:17-82
179            <meta-data
179-->[com.google.firebase:firebase-common-ktx:20.4.2] AndroidManifest.xml:12:13-14:85
180                android:name="com.google.firebase.components:com.google.firebase.ktx.FirebaseCommonLegacyRegistrar"
180-->[com.google.firebase:firebase-common-ktx:20.4.2] AndroidManifest.xml:13:17-116
181                android:value="com.google.firebase.components.ComponentRegistrar" />
181-->[com.google.firebase:firebase-common-ktx:20.4.2] AndroidManifest.xml:14:17-82
182            <meta-data
182-->[com.google.firebase:firebase-common:20.4.2] AndroidManifest.xml:35:13-37:85
183                android:name="com.google.firebase.components:com.google.firebase.FirebaseCommonKtxRegistrar"
183-->[com.google.firebase:firebase-common:20.4.2] AndroidManifest.xml:36:17-109
184                android:value="com.google.firebase.components.ComponentRegistrar" />
184-->[com.google.firebase:firebase-common:20.4.2] AndroidManifest.xml:37:17-82
185            <meta-data
185-->[com.google.firebase:firebase-datatransport:18.1.7] AndroidManifest.xml:27:13-29:85
186                android:name="com.google.firebase.components:com.google.firebase.datatransport.TransportRegistrar"
186-->[com.google.firebase:firebase-datatransport:18.1.7] AndroidManifest.xml:28:17-115
187                android:value="com.google.firebase.components.ComponentRegistrar" />
187-->[com.google.firebase:firebase-datatransport:18.1.7] AndroidManifest.xml:29:17-82
188        </service>
189        <service
189-->[:firebase_messaging] AndroidManifest.xml:16:9-19:72
190            android:name="io.flutter.plugins.firebase.messaging.FlutterFirebaseMessagingBackgroundService"
190-->[:firebase_messaging] AndroidManifest.xml:17:13-107
191            android:exported="false"
191-->[:firebase_messaging] AndroidManifest.xml:18:13-37
192            android:permission="android.permission.BIND_JOB_SERVICE" />
192-->[:firebase_messaging] AndroidManifest.xml:19:13-69
193        <service
193-->[:firebase_messaging] AndroidManifest.xml:20:9-26:19
194            android:name="io.flutter.plugins.firebase.messaging.FlutterFirebaseMessagingService"
194-->[:firebase_messaging] AndroidManifest.xml:21:13-97
195            android:exported="false" >
195-->[:firebase_messaging] AndroidManifest.xml:22:13-37
196            <intent-filter>
196-->[:firebase_messaging] AndroidManifest.xml:23:13-25:29
197                <action android:name="com.google.firebase.MESSAGING_EVENT" />
197-->[:firebase_messaging] AndroidManifest.xml:24:17-78
197-->[:firebase_messaging] AndroidManifest.xml:24:25-75
198            </intent-filter>
199        </service>
200
201        <receiver
201-->[:firebase_messaging] AndroidManifest.xml:28:9-35:20
202            android:name="io.flutter.plugins.firebase.messaging.FlutterFirebaseMessagingReceiver"
202-->[:firebase_messaging] AndroidManifest.xml:29:13-98
203            android:exported="true"
203-->[:firebase_messaging] AndroidManifest.xml:30:13-36
204            android:permission="com.google.android.c2dm.permission.SEND" >
204-->[:firebase_messaging] AndroidManifest.xml:31:13-73
205            <intent-filter>
205-->[:firebase_messaging] AndroidManifest.xml:32:13-34:29
206                <action android:name="com.google.android.c2dm.intent.RECEIVE" />
206-->[:firebase_messaging] AndroidManifest.xml:33:17-81
206-->[:firebase_messaging] AndroidManifest.xml:33:25-78
207            </intent-filter>
208        </receiver>
209
210        <provider
210-->[:firebase_messaging] AndroidManifest.xml:43:9-47:38
211            android:name="io.flutter.plugins.firebase.messaging.FlutterFirebaseMessagingInitProvider"
211-->[:firebase_messaging] AndroidManifest.xml:44:13-102
212            android:authorities="com.example.client.flutterfirebasemessaginginitprovider"
212-->[:firebase_messaging] AndroidManifest.xml:45:13-88
213            android:exported="false"
213-->[:firebase_messaging] AndroidManifest.xml:46:13-37
214            android:initOrder="99" />
214-->[:firebase_messaging] AndroidManifest.xml:47:13-35
215
216        <service
216-->[:geolocator_android] AndroidManifest.xml:10:9-14:56
217            android:name="com.baseflow.geolocator.GeolocatorLocationService"
217-->[:geolocator_android] AndroidManifest.xml:11:13-77
218            android:enabled="true"
218-->[:geolocator_android] AndroidManifest.xml:12:13-35
219            android:exported="false"
219-->[:geolocator_android] AndroidManifest.xml:13:13-37
220            android:foregroundServiceType="location" />
220-->[:geolocator_android] AndroidManifest.xml:14:13-53
221
222        <provider
222-->[:image_picker_android] AndroidManifest.xml:10:9-18:20
223            android:name="io.flutter.plugins.imagepicker.ImagePickerFileProvider"
223-->[:image_picker_android] AndroidManifest.xml:11:13-82
224            android:authorities="com.example.client.flutter.image_provider"
224-->[:image_picker_android] AndroidManifest.xml:12:13-74
225            android:exported="false"
225-->[:image_picker_android] AndroidManifest.xml:13:13-37
226            android:grantUriPermissions="true" >
226-->[:image_picker_android] AndroidManifest.xml:14:13-47
227            <meta-data
227-->[:image_picker_android] AndroidManifest.xml:15:13-17:75
228                android:name="android.support.FILE_PROVIDER_PATHS"
228-->[:image_picker_android] AndroidManifest.xml:16:17-67
229                android:resource="@xml/flutter_image_picker_file_paths" />
229-->[:image_picker_android] AndroidManifest.xml:17:17-72
230        </provider>
231
232        <activity
232-->[:url_launcher_android] AndroidManifest.xml:10:9-13:74
233            android:name="io.flutter.plugins.urllauncher.WebViewActivity"
233-->[:url_launcher_android] AndroidManifest.xml:11:13-74
234            android:exported="false"
234-->[:url_launcher_android] AndroidManifest.xml:12:13-37
235            android:theme="@android:style/Theme.NoTitleBar.Fullscreen" /> <!-- 适配9.0的系统 -->
235-->[:url_launcher_android] AndroidManifest.xml:13:13-71
236        <uses-library
236-->[:image_pickers] AndroidManifest.xml:38:9-40:40
237            android:name="org.apache.http.legacy"
237-->[:image_pickers] AndroidManifest.xml:39:13-50
238            android:required="false" /> <!-- 适配9.0的系统 -->
238-->[:image_pickers] AndroidManifest.xml:40:13-37
239        <activity
239-->[:image_pickers] AndroidManifest.xml:42:9-44:49
240            android:name="com.leeson.image_pickers.activitys.PermissionActivity"
240-->[:image_pickers] AndroidManifest.xml:43:13-81
241            android:theme="@style/TransTheme" />
241-->[:image_pickers] AndroidManifest.xml:44:13-46
242        <activity
242-->[:image_pickers] AndroidManifest.xml:45:9-47:49
243            android:name="com.leeson.image_pickers.activitys.SelectPicsActivity"
243-->[:image_pickers] AndroidManifest.xml:46:13-81
244            android:theme="@style/TransTheme" />
244-->[:image_pickers] AndroidManifest.xml:47:13-46
245        <activity
245-->[:image_pickers] AndroidManifest.xml:48:9-51:47
246            android:name="com.leeson.image_pickers.activitys.PhotosActivity"
246-->[:image_pickers] AndroidManifest.xml:49:13-77
247            android:configChanges="orientation|screenSize"
247-->[:image_pickers] AndroidManifest.xml:50:13-59
248            android:theme="@style/AppTheme" />
248-->[:image_pickers] AndroidManifest.xml:51:13-44
249        <activity
249-->[:image_pickers] AndroidManifest.xml:52:9-55:47
250            android:name="com.leeson.image_pickers.activitys.VideoActivity"
250-->[:image_pickers] AndroidManifest.xml:53:13-76
251            android:configChanges="orientation|screenSize"
251-->[:image_pickers] AndroidManifest.xml:54:13-59
252            android:theme="@style/AppTheme" />
252-->[:image_pickers] AndroidManifest.xml:55:13-44
253
254        <receiver
254-->[com.google.firebase:firebase-messaging:23.3.1] AndroidManifest.xml:29:9-40:20
255            android:name="com.google.firebase.iid.FirebaseInstanceIdReceiver"
255-->[com.google.firebase:firebase-messaging:23.3.1] AndroidManifest.xml:30:13-78
256            android:exported="true"
256-->[com.google.firebase:firebase-messaging:23.3.1] AndroidManifest.xml:31:13-36
257            android:permission="com.google.android.c2dm.permission.SEND" >
257-->[com.google.firebase:firebase-messaging:23.3.1] AndroidManifest.xml:32:13-73
258            <intent-filter>
258-->[:firebase_messaging] AndroidManifest.xml:32:13-34:29
259                <action android:name="com.google.android.c2dm.intent.RECEIVE" />
259-->[:firebase_messaging] AndroidManifest.xml:33:17-81
259-->[:firebase_messaging] AndroidManifest.xml:33:25-78
260            </intent-filter>
261
262            <meta-data
262-->[com.google.firebase:firebase-messaging:23.3.1] AndroidManifest.xml:37:13-39:40
263                android:name="com.google.android.gms.cloudmessaging.FINISHED_AFTER_HANDLED"
263-->[com.google.firebase:firebase-messaging:23.3.1] AndroidManifest.xml:38:17-92
264                android:value="true" />
264-->[com.google.firebase:firebase-messaging:23.3.1] AndroidManifest.xml:39:17-37
265        </receiver>
266        <!--
267             FirebaseMessagingService performs security checks at runtime,
268             but set to not exported to explicitly avoid allowing another app to call it.
269        -->
270        <service
270-->[com.google.firebase:firebase-messaging:23.3.1] AndroidManifest.xml:46:9-53:19
271            android:name="com.google.firebase.messaging.FirebaseMessagingService"
271-->[com.google.firebase:firebase-messaging:23.3.1] AndroidManifest.xml:47:13-82
272            android:directBootAware="true"
272-->[com.google.firebase:firebase-messaging:23.3.1] AndroidManifest.xml:48:13-43
273            android:exported="false" >
273-->[com.google.firebase:firebase-messaging:23.3.1] AndroidManifest.xml:49:13-37
274            <intent-filter android:priority="-500" >
274-->[:firebase_messaging] AndroidManifest.xml:23:13-25:29
275                <action android:name="com.google.firebase.MESSAGING_EVENT" />
275-->[:firebase_messaging] AndroidManifest.xml:24:17-78
275-->[:firebase_messaging] AndroidManifest.xml:24:25-75
276            </intent-filter>
277        </service>
278
279        <property
279-->[com.google.android.gms:play-services-measurement-api:21.5.0] AndroidManifest.xml:30:9-32:61
280            android:name="android.adservices.AD_SERVICES_CONFIG"
280-->[com.google.android.gms:play-services-measurement-api:21.5.0] AndroidManifest.xml:31:13-65